<?xml version="1.0" encoding="UTF-8"?>
<testng-results ignored="0" total="3" passed="3" failed="0" skipped="0">
  <reporter-output>
  </reporter-output>
  <suite started-at="2023-07-23T16:21:34 IST" name="Suite" finished-at="2023-07-23T16:22:15 IST" duration-ms="40914">
    <groups>
    </groups>
    <test started-at="2023-07-23T16:21:34 IST" name="Test" finished-at="2023-07-23T16:22:15 IST" duration-ms="40914">
      <class name="demo.Ajio">
        <test-method signature="ajioTest()[pri:0, instance:demo.Ajio@6bd61f98]" started-at="2023-07-23T16:21:34 IST" name="ajioTest" finished-at="2023-07-23T16:21:51 IST" duration-ms="16592" status="PASS">
          <reporter-output>
          </reporter-output>
        </test-method> <!-- ajioTest -->
      </class> <!-- demo.Ajio -->
      <class name="demo.Amazon">
        <test-method signature="AmazonTest()[pri:0, instance:demo.Amazon@1ed6388a]" started-at="2023-07-23T16:21:51 IST" name="AmazonTest" finished-at="2023-07-23T16:22:05 IST" duration-ms="13853" status="PASS">
          <reporter-output>
          </reporter-output>
        </test-method> <!-- AmazonTest -->
      </class> <!-- demo.Amazon -->
      <class name="demo.flipkart">
        <test-method signature="flipkartTest()[pri:0, instance:demo.flipkart@5a45133e]" started-at="2023-07-23T16:22:05 IST" name="flipkartTest" finished-at="2023-07-23T16:22:15 IST" duration-ms="10347" status="PASS">
          <reporter-output>
          </reporter-output>
        </test-method> <!-- flipkartTest -->
      </class> <!-- demo.flipkart -->
    </test> <!-- Test -->
  </suite> <!-- Suite -->
</testng-results>
